Using pre-set license
Built from '2021.3/staging' branch; Version is '2021.3.2f1 (d6360bedb9a0) revision 14038539'; Using compiler version '192829333'; Build Type 'Release'
OS: 'Windows 11  (10.0.22000) 64bit CoreCountrySpecific' Language: 'zh' Physical Memory: 15741 MB
BatchMode: 1, IsHumanControllingUs: 0, StartBugReporterOnCrash: 0, Is64bit: 1, IsPro: 1

COMMAND LINE ARGUMENTS:
D:\UnityProject\2021.3.2f1\Editor\Unity.exe
-adb2
-batchMode
-noUpm
-name
AssetImportWorker2
-projectPath
E:/EAE3710/Project
-logFile
Logs/AssetImportWorker2.log
-srvPort
60564
Successfully changed project path to: E:/EAE3710/Project
E:/EAE3710/Project
[UnityMemory] Configuration Parameters - Can be set up in boot.config
    "memorysetup-bucket-allocator-granularity=16"
    "memorysetup-bucket-allocator-bucket-count=8"
    "memorysetup-bucket-allocator-block-size=33554432"
    "memorysetup-bucket-allocator-block-count=8"
    "memorysetup-main-allocator-block-size=16777216"
    "memorysetup-thread-allocator-block-size=16777216"
    "memorysetup-gfx-main-allocator-block-size=16777216"
    "memorysetup-gfx-thread-allocator-block-size=16777216"
    "memorysetup-cache-allocator-block-size=4194304"
    "memorysetup-typetree-allocator-block-size=2097152"
    "memorysetup-profiler-bucket-allocator-granularity=16"
    "memorysetup-profiler-bucket-allocator-bucket-count=8"
    "memorysetup-profiler-bucket-allocator-block-size=33554432"
    "memorysetup-profiler-bucket-allocator-block-count=8"
    "memorysetup-profiler-allocator-block-size=16777216"
    "memorysetup-profiler-editor-allocator-block-size=1048576"
    "memorysetup-temp-allocator-size-main=16777216"
    "memorysetup-job-temp-allocator-block-size=2097152"
    "memorysetup-job-temp-allocator-block-size-background=1048576"
    "memorysetup-job-temp-allocator-reduction-small-platforms=262144"
    "memorysetup-temp-allocator-size-background-worker=32768"
    "memorysetup-temp-allocator-size-job-worker=262144"
    "memorysetup-temp-allocator-size-preload-manager=33554432"
    "memorysetup-temp-allocator-size-nav-mesh-worker=65536"
    "memorysetup-temp-allocator-size-audio-worker=65536"
    "memorysetup-temp-allocator-size-cloud-worker=32768"
    "memorysetup-temp-allocator-size-gi-baking-worker=262144"
    "memorysetup-temp-allocator-size-gfx=262144"
Refreshing native plugins compatible for Editor in 87.89 ms, found 3 plugins.
Preloading 0 native plugins for Editor in 0.00 ms.
Initialize engine version: 2021.3.2f1 (d6360bedb9a0)
[Subsystems] Discovering subsystems at path D:/UnityProject/2021.3.2f1/Editor/Data/Resources/UnitySubsystems
[Subsystems] Discovering subsystems at path E:/EAE3710/Project/Assets
GfxDevice: creating device client; threaded=0; jobified=0
Direct3D:
    Version:  Direct3D 11.0 [level 11.1]
    Renderer: NVIDIA GeForce GTX 1650 (ID=0x1f99)
    Vendor:   NVIDIA
    VRAM:     3950 MB
    Driver:   31.0.15.2756
Initialize mono
Mono path[0] = 'D:/UnityProject/2021.3.2f1/Editor/Data/Managed'
Mono path[1] = 'D:/UnityProject/2021.3.2f1/Editor/Data/MonoBleedingEdge/lib/mono/unityjit-win32'
Mono config path = 'D:/UnityProject/2021.3.2f1/Editor/Data/MonoBleedingEdge/etc'
Using monoOptions --debugger-agent=transport=dt_socket,embedding=1,server=y,suspend=n,address=127.0.0.1:56404
Begin MonoManager ReloadAssembly
Registering precompiled unity dll's ...
Register platform support module: D:/UnityProject/2021.3.2f1/Editor/Data/PlaybackEngines/WindowsStandaloneSupport/UnityEditor.WindowsStandalone.Extensions.dll
Registered in 0.002110 seconds.
Native extension for WindowsStandalone target not found
Refreshing native plugins compatible for Editor in 79.81 ms, found 3 plugins.
Preloading 0 native plugins for Editor in 0.00 ms.
Mono: successfully reloaded assembly
- Completed reload, in  0.689 seconds
Domain Reload Profiling:
	ReloadAssembly (689ms)
		BeginReloadAssembly (124ms)
			ExecutionOrderSort (0ms)
			DisableScriptedObjects (0ms)
			BackupInstance (0ms)
			ReleaseScriptingObjects (0ms)
			CreateAndSetChildDomain (1ms)
		EndReloadAssembly (468ms)
			LoadAssemblies (125ms)
			RebuildTransferFunctionScriptingTraits (0ms)
			SetupTypeCache (105ms)
			ReleaseScriptCaches (0ms)
			RebuildScriptCaches (32ms)
			SetupLoadedEditorAssemblies (282ms)
				LogAssemblyErrors (0ms)
				InitializePlatformSupportModulesInManaged (5ms)
				SetLoadedEditorAssemblies (0ms)
				RefreshPlugins (80ms)
				BeforeProcessingInitializeOnLoad (1ms)
				ProcessInitializeOnLoadAttributes (147ms)
				ProcessInitializeOnLoadMethodAttributes (47ms)
				AfterProcessingInitializeOnLoad (0ms)
				EditorAssembliesLoaded (0ms)
			ExecutionOrderSort2 (0ms)
			AwakeInstancesAfterBackupRestoration (0ms)
Platform modules already initialized, skipping
Registering precompiled user dll's ...
Registered in 0.006317 seconds.
Begin MonoManager ReloadAssembly
Symbol file LoadedFromMemory doesn't match image E:\EAE3710\Project\Library\PackageCache\com.unity.visualscripting@1.7.6\Editor\VisualScripting.Core\Dependencies\YamlDotNet\Unity.VisualScripting.YamlDotNet.dll
Symbol file LoadedFromMemory doesn't match image E:\EAE3710\Project\Library\PackageCache\com.unity.visualscripting@1.7.6\Editor\VisualScripting.Core\Dependencies\DotNetZip\Unity.VisualScripting.IonicZip.dll
Native extension for WindowsStandalone target not found
Refreshing native plugins compatible for Editor in 0.93 ms, found 3 plugins.
Preloading 0 native plugins for Editor in 0.00 ms.
Mono: successfully reloaded assembly
- Completed reload, in  1.075 seconds
Domain Reload Profiling:
	ReloadAssembly (1076ms)
		BeginReloadAssembly (169ms)
			ExecutionOrderSort (0ms)
			DisableScriptedObjects (6ms)
			BackupInstance (0ms)
			ReleaseScriptingObjects (0ms)
			CreateAndSetChildDomain (19ms)
		EndReloadAssembly (794ms)
			LoadAssemblies (145ms)
			RebuildTransferFunctionScriptingTraits (0ms)
			SetupTypeCache (261ms)
			ReleaseScriptCaches (1ms)
			RebuildScriptCaches (51ms)
			SetupLoadedEditorAssemblies (350ms)
				LogAssemblyErrors (0ms)
				InitializePlatformSupportModulesInManaged (4ms)
				SetLoadedEditorAssemblies (1ms)
				RefreshPlugins (1ms)
				BeforeProcessingInitializeOnLoad (78ms)
				ProcessInitializeOnLoadAttributes (236ms)
				ProcessInitializeOnLoadMethodAttributes (29ms)
				AfterProcessingInitializeOnLoad (2ms)
				EditorAssembliesLoaded (0ms)
			ExecutionOrderSort2 (0ms)
			AwakeInstancesAfterBackupRestoration (8ms)
Platform modules already initialized, skipping
========================================================================
Worker process is ready to serve import requests
Launched and connected shader compiler UnityShaderCompiler.exe after 0.10 seconds
Refreshing native plugins compatible for Editor in 1.15 ms, found 3 plugins.
Preloading 0 native plugins for Editor in 0.00 ms.
Unloading 3379 Unused Serialized files (Serialized files now loaded: 0)
Unloading 26 unused Assets / (112.8 KB). Loaded Objects now: 3838.
Memory consumption went from 119.4 MB to 119.3 MB.
Total: 4.039300 ms (FindLiveObjects: 0.313900 ms CreateObjectMapping: 0.109000 ms MarkObjects: 3.488600 ms  DeleteObjects: 0.125800 ms)

AssetImportParameters requested are different than current active one (requested -> active):
  custom:video-decoder-ogg-theora: a1e56fd34408186e4bbccfd4996cb3dc -> 
  custom:container-muxer-webm: aa71ff27fc2769a1b78a27578f13a17b -> 
  custom:container-demuxer-webm: 4f35f7cbe854078d1ac9338744f61a02 -> 
  custom:video-encoder-webm-vp8: eb34c28f22e8b96e1ab97ce403110664 -> 
  custom:video-codec-MediaFoundation-h265: 746d11721c4dcdbdad8f713fa42b33f4 -> 
  custom:audio-encoder-webm-vorbis: bf7c407c2cedff20999df2af8eb42d56 -> 
  custom:framework-win-MediaFoundation: 216162199b28c13a410421893ffa2e32 -> 
  custom:container-demuxer-ogg: 62fdf1f143b41e24485cea50d1cbac27 -> 
  custom:video-decoder-webm-vp8: 9c59270c3fd7afecdb556c50c9e8de78 -> 
  custom:audio-decoder-ogg-vorbis: bf7c407c2cedff20999df2af8eb42d56 -> 
========================================================================
Received Import Request.
  Time since last request: 178930.536339 seconds.
  path: Assets/Benson/models/Stalagmite_platform_2 1.fbx
  artifactKey: Guid(2f14baa38bd48404b83eed2a067fae46) Importer(815301076,1909f56bfc062723c751e8b465ee728b)
Start importing Assets/Benson/models/Stalagmite_platform_2 1.fbx using Guid(2f14baa38bd48404b83eed2a067fae46) Importer(815301076,1909f56bfc062723c751e8b465ee728b)  -> (artifact id: '22df3781ed2d984f1672a195cc16c4f0') in 0.202125 seconds 
========================================================================
Received Import Request.
  Time since last request: 16.894007 seconds.
  path: Assets/Benson/models/Stalagmite_platform_2 1.fbx
  artifactKey: Guid(2f14baa38bd48404b83eed2a067fae46) Importer(815301076,1909f56bfc062723c751e8b465ee728b)
Start importing Assets/Benson/models/Stalagmite_platform_2 1.fbx using Guid(2f14baa38bd48404b83eed2a067fae46) Importer(815301076,1909f56bfc062723c751e8b465ee728b)  -> (artifact id: '663818689e30bf6a35c828ef9184c7dd') in 0.048728 seconds 
========================================================================
Received Import Request.
  Time since last request: 501.832076 seconds.
  path: Assets/Benson/models/Stalagmite_1.fbx
  artifactKey: Guid(5525338d0b06fdb4584cfd17948ea5fd) Importer(815301076,1909f56bfc062723c751e8b465ee728b)
Start importing Assets/Benson/models/Stalagmite_1.fbx using Guid(5525338d0b06fdb4584cfd17948ea5fd) Importer(815301076,1909f56bfc062723c751e8b465ee728b)  -> (artifact id: '10b4cd5b44c0a5f97b8d82315ae97b2f') in 0.029660 seconds 
========================================================================
Received Import Request.
  Time since last request: 0.007266 seconds.
  path: Assets/Benson/models/Stalagmite_3.fbx
  artifactKey: Guid(b66a90b1a1161de49a668db0ec91b277) Importer(815301076,1909f56bfc062723c751e8b465ee728b)
Start importing Assets/Benson/models/Stalagmite_3.fbx using Guid(b66a90b1a1161de49a668db0ec91b277) Importer(815301076,1909f56bfc062723c751e8b465ee728b)  -> (artifact id: 'e44cd8c94616ab7d16f33c3e2805959e') in 0.030266 seconds 
========================================================================
Received Import Request.
  Time since last request: 0.000033 seconds.
  path: Assets/Benson/models/Stalagmite_platform_2 1.fbx
  artifactKey: Guid(2f14baa38bd48404b83eed2a067fae46) Importer(815301076,1909f56bfc062723c751e8b465ee728b)
Start importing Assets/Benson/models/Stalagmite_platform_2 1.fbx using Guid(2f14baa38bd48404b83eed2a067fae46) Importer(815301076,1909f56bfc062723c751e8b465ee728b)  -> (artifact id: '40778be04ad59115aed891c5e45bda00') in 0.026105 seconds 
========================================================================
Received Import Request.
  Time since last request: 0.000028 seconds.
  path: Assets/Benson/models/Stalagmite_platform_2.fbx
  artifactKey: Guid(90bede3544272414fb450a3aea5b6311) Importer(815301076,1909f56bfc062723c751e8b465ee728b)
Start importing Assets/Benson/models/Stalagmite_platform_2.fbx using Guid(90bede3544272414fb450a3aea5b6311) Importer(815301076,1909f56bfc062723c751e8b465ee728b)  -> (artifact id: '82340ff3f390bec81247fbe5988cab73') in 0.031139 seconds 
========================================================================
Received Import Request.
  Time since last request: 0.000027 seconds.
  path: Assets/Benson/models/Stalagmite_4.fbx
  artifactKey: Guid(c85664cdbe7f4164ea47ecf5549a479a) Importer(815301076,1909f56bfc062723c751e8b465ee728b)
Start importing Assets/Benson/models/Stalagmite_4.fbx using Guid(c85664cdbe7f4164ea47ecf5549a479a) Importer(815301076,1909f56bfc062723c751e8b465ee728b)  -> (artifact id: '3b1acece31c303c7906b838c9eb1ea4b') in 0.028266 seconds 
========================================================================
Received Import Request.
  Time since last request: 0.000053 seconds.
  path: Assets/Benson/models/Stalagmite_platform_1 1.fbx
  artifactKey: Guid(a87ca48ca6497a945ae27a5e5a0dd549) Importer(815301076,1909f56bfc062723c751e8b465ee728b)
Start importing Assets/Benson/models/Stalagmite_platform_1 1.fbx using Guid(a87ca48ca6497a945ae27a5e5a0dd549) Importer(815301076,1909f56bfc062723c751e8b465ee728b)  -> (artifact id: '2385d28857a73fadff0dfb4e6d2b0e59') in 0.026562 seconds 
========================================================================
Received Import Request.
  Time since last request: 0.000026 seconds.
  path: Assets/Benson/models/Stalagmite_5.fbx
  artifactKey: Guid(7c8f6086df7291b4d9ee9fec3f7d43fb) Importer(815301076,1909f56bfc062723c751e8b465ee728b)
Start importing Assets/Benson/models/Stalagmite_5.fbx using Guid(7c8f6086df7291b4d9ee9fec3f7d43fb) Importer(815301076,1909f56bfc062723c751e8b465ee728b)  -> (artifact id: '966310bbfbfd37a9c362355f35a1226c') in 0.029136 seconds 
========================================================================
Received Import Request.
  Time since last request: 14.452213 seconds.
  path: Assets/Benson/models/Stalagmite_2.fbx
  artifactKey: Guid(667f0987cf64f064c9545dd87c21ae5d) Importer(815301076,1909f56bfc062723c751e8b465ee728b)
Start importing Assets/Benson/models/Stalagmite_2.fbx using Guid(667f0987cf64f064c9545dd87c21ae5d) Importer(815301076,1909f56bfc062723c751e8b465ee728b)  -> (artifact id: '35145b5f0f08034b42631b1011710d54') in 0.090708 seconds 
========================================================================
Received Import Request.
  Time since last request: 0.000031 seconds.
  path: Assets/Benson/models/Stalagmite_platform_2.fbx
  artifactKey: Guid(90bede3544272414fb450a3aea5b6311) Importer(815301076,1909f56bfc062723c751e8b465ee728b)
Start importing Assets/Benson/models/Stalagmite_platform_2.fbx using Guid(90bede3544272414fb450a3aea5b6311) Importer(815301076,1909f56bfc062723c751e8b465ee728b)  -> (artifact id: 'a9ea01f9a3333f7d891175942e0d3ae6') in 0.067382 seconds 
========================================================================
Received Import Request.
  Time since last request: 0.000080 seconds.
  path: Assets/Benson/models/Stalagmite_5.fbx
  artifactKey: Guid(7c8f6086df7291b4d9ee9fec3f7d43fb) Importer(815301076,1909f56bfc062723c751e8b465ee728b)
Start importing Assets/Benson/models/Stalagmite_5.fbx using Guid(7c8f6086df7291b4d9ee9fec3f7d43fb) Importer(815301076,1909f56bfc062723c751e8b465ee728b)  -> (artifact id: '36738c38dd8cf329c3a0c80061785fe9') in 0.090694 seconds 
========================================================================
Received Import Request.
  Time since last request: 0.000039 seconds.
  path: Assets/Benson/models/Stalagmite_platform_1.fbx
  artifactKey: Guid(48f3e700e202fc24c925e8bb2b8c7262) Importer(815301076,1909f56bfc062723c751e8b465ee728b)
Start importing Assets/Benson/models/Stalagmite_platform_1.fbx using Guid(48f3e700e202fc24c925e8bb2b8c7262) Importer(815301076,1909f56bfc062723c751e8b465ee728b)  -> (artifact id: '06c2f7a555184f26c9da6ec30793389c') in 0.047385 seconds 
